3/24/2021 3:32:26 PM	This log contains information about the import schema operation into project 'DapperDatabase' on computer '2JZWRP2' by user 'fernando.ignacio'.
3/24/2021 3:32:26 PM	Import of database schema has started.
3/24/2021 3:32:31 PM	Gathering database credentials
3/24/2021 3:32:31 PM	Gathering database options
3/24/2021 3:32:31 PM	Gathering users
3/24/2021 3:32:31 PM	Gathering roles
3/24/2021 3:32:31 PM	Gathering application roles
3/24/2021 3:32:31 PM	Gathering role memberships
3/24/2021 3:32:31 PM	Gathering filegroups
3/24/2021 3:32:31 PM	Gathering full-text catalogs
3/24/2021 3:32:31 PM	Gathering assemblies
3/24/2021 3:32:31 PM	Gathering certificates
3/24/2021 3:32:31 PM	Gathering asymmetric keys
3/24/2021 3:32:31 PM	Gathering symmetric keys
3/24/2021 3:32:31 PM	Gathering encrypted symmetric keys
3/24/2021 3:32:31 PM	Gathering schemas
3/24/2021 3:32:31 PM	Gathering XML schema collections
3/24/2021 3:32:31 PM	Gathering user-defined data types
3/24/2021 3:32:31 PM	Gathering user-defined types
3/24/2021 3:32:31 PM	Gathering table types
3/24/2021 3:32:31 PM	Gathering unique keys for table types
3/24/2021 3:32:31 PM	Gathering primary keys for table types
3/24/2021 3:32:31 PM	Gathering indexes for table types
3/24/2021 3:32:31 PM	Gathering check constraints for table types
3/24/2021 3:32:31 PM	Gathering default constraints for table types
3/24/2021 3:32:31 PM	Gathering partition functions
3/24/2021 3:32:31 PM	Gathering partition schemes
3/24/2021 3:32:31 PM	Gathering functions
3/24/2021 3:32:31 PM	Gathering encrypted functions
3/24/2021 3:32:31 PM	Gathering aggregates
3/24/2021 3:32:31 PM	Gathering procedures
3/24/2021 3:32:31 PM	Gathering encrypted procedures
3/24/2021 3:32:31 PM	Gathering tables
3/24/2021 3:32:31 PM	Gathering primary keys
3/24/2021 3:32:31 PM	Gathering unique constraints
3/24/2021 3:32:31 PM	Gathering foreign keys
3/24/2021 3:32:31 PM	Gathering default constraints
3/24/2021 3:32:31 PM	Gathering check constraints
3/24/2021 3:32:31 PM	Gathering views
3/24/2021 3:32:31 PM	Gathering encrypted views
3/24/2021 3:32:31 PM	Gathering indexes
3/24/2021 3:32:31 PM	Gathering statistics
3/24/2021 3:32:31 PM	Gathering full-text index stoplists
3/24/2021 3:32:31 PM	Gathering search property lists
3/24/2021 3:32:31 PM	Gathering search properties
3/24/2021 3:32:31 PM	Gathering full-text indexes
3/24/2021 3:32:31 PM	Gathering column store indexes
3/24/2021 3:32:31 PM	Gathering spatial indexes
3/24/2021 3:32:31 PM	Gathering XML indexes
3/24/2021 3:32:31 PM	Gathering Selective XML indexes
3/24/2021 3:32:31 PM	Gathering encrypted triggers
3/24/2021 3:32:31 PM	Gathering triggers
3/24/2021 3:32:31 PM	Gathering encrypted and clr ddl triggers
3/24/2021 3:32:31 PM	Gathering ddl triggers
3/24/2021 3:32:31 PM	Gathering synonyms
3/24/2021 3:32:31 PM	Gathering defaults
3/24/2021 3:32:31 PM	Gathering data constraint uddt bindings
3/24/2021 3:32:31 PM	Gathering rules
3/24/2021 3:32:31 PM	Gathering data constraint uddt bindings
3/24/2021 3:32:31 PM	Gathering message types
3/24/2021 3:32:31 PM	Gathering queues
3/24/2021 3:32:31 PM	Gathering contracts
3/24/2021 3:32:31 PM	Gathering services
3/24/2021 3:32:31 PM	Gathering event notifications
3/24/2021 3:32:31 PM	Gathering remote service bindings
3/24/2021 3:32:31 PM	Gathering broker priorities
3/24/2021 3:32:31 PM	Gathering signatures
3/24/2021 3:32:31 PM	Gathering data compression options
3/24/2021 3:32:31 PM	Gathering sequence types
3/24/2021 3:32:31 PM	Gathering security policies
3/24/2021 3:32:31 PM	Gather column encryption keys
3/24/2021 3:32:31 PM	Gathering column master keys
3/24/2021 3:32:31 PM	Gathering external data sources
3/24/2021 3:32:31 PM	Gathering external file formats
3/24/2021 3:32:31 PM	Gathering external tables
3/24/2021 3:32:31 PM	Gathering extended properties
3/24/2021 3:32:31 PM	Gathering credentials
3/24/2021 3:32:31 PM	Gathering logins
3/24/2021 3:32:31 PM	Gathering server audits
3/24/2021 3:32:31 PM	Scanning project for duplicate elements
3/24/2021 3:32:31 PM	Finished duplicate element processing
3/24/2021 3:32:31 PM	Finished importing database.
3/24/2021 3:32:31 PM	A summary of the import was saved to the following location: C:\dev\DapperDB\DapperDatabase\Import Schema Logs\DapperDatabase_20210324063226.log
3/24/2021 3:32:31 PM	Click Finish to continue...
